<?xml version="1.0" encoding="UTF-8"?>
<testng-results skipped="0" failed="1" total="1" passed="0">
  <reporter-output>
  </reporter-output>
  <suite name="Default suite" duration-ms="22982" started-at="2014-08-02T12:26:13Z" finished-at="2014-08-02T12:26:36Z">
    <groups>
      <group name="start126">
        <method signature="BrowserTest.start126()[pri:0, instance:browser.BrowserTest@6baa9f99]" name="start126" class="browser.BrowserTest"/>
      </group> <!-- start126 -->
    </groups>
    <test name="Default test" duration-ms="22982" started-at="2014-08-02T12:26:13Z" finished-at="2014-08-02T12:26:36Z">
      <class name="browser.BrowserTest">
        <test-method status="PASS" signature="inital(java.lang.String, java.lang.String)[pri:0, instance:browser.BrowserTest@6baa9f99]" name="inital" is-config="true" duration-ms="4036" started-at="2014-08-02T20:26:13Z" finished-at="2014-08-02T20:26:18Z">
          <params>
            <param index="0">
              <value>
                <![CDATA[/src/tool/test.properties]]>
              </value>
            </param>
            <param index="1">
              <value>
                <![CDATA[/src/tool/locator.properties]]>
              </value>
            </param>
          </params>
          <reporter-output>
          </reporter-output>
        </test-method> <!-- inital -->
        <test-method status="FAIL" signature="start126()[pri:0, instance:browser.BrowserTest@6baa9f99]" name="start126" duration-ms="18929" started-at="2014-08-02T20:26:18Z" finished-at="2014-08-02T20:26:36Z">
          <exception class="java.lang.AssertionError">
            <message>
              <![CDATA[expected [0] but found [26]]]>
            </message>
            <full-stacktrace>
              <![CDATA[java.lang.AssertionError: expected [0] but found [26]
	at org.testng.Assert.fail(Assert.java:94)
	at org.testng.Assert.failNotEquals(Assert.java:494)
	at org.testng.Assert.assertEquals(Assert.java:123)
	at org.testng.Assert.assertEquals(Assert.java:165)
	at browser.BrowserTest.start126(BrowserTest.java:98)
	at sun.reflect.NativeMethodAccessorImpl.invoke0(Native Method)
	at sun.reflect.NativeMethodAccessorImpl.invoke(NativeMethodAccessorImpl.java:39)
	at sun.reflect.DelegatingMethodAccessorImpl.invoke(DelegatingMethodAccessorImpl.java:25)
	at java.lang.reflect.Method.invoke(Method.java:597)
	at org.testng.internal.MethodInvocationHelper.invokeMethod(MethodInvocationHelper.java:84)
	at org.testng.internal.Invoker.invokeMethod(Invoker.java:714)
	at org.testng.internal.Invoker.invokeTestMethod(Invoker.java:901)
	at org.testng.internal.Invoker.invokeTestMethods(Invoker.java:1231)
	at org.testng.internal.TestMethodWorker.invokeTestMethods(TestMethodWorker.java:127)
	at org.testng.internal.TestMethodWorker.run(TestMethodWorker.java:111)
	at org.testng.TestRunner.privateRun(TestRunner.java:767)
	at org.testng.TestRunner.run(TestRunner.java:617)
	at org.testng.SuiteRunner.runTest(SuiteRunner.java:334)
	at org.testng.SuiteRunner.runSequentially(SuiteRunner.java:329)
	at org.testng.SuiteRunner.privateRun(SuiteRunner.java:291)
	at org.testng.SuiteRunner.run(SuiteRunner.java:240)
	at org.testng.SuiteRunnerWorker.runSuite(SuiteRunnerWorker.java:52)
	at org.testng.SuiteRunnerWorker.run(SuiteRunnerWorker.java:86)
	at org.testng.TestNG.runSuitesSequentially(TestNG.java:1224)
	at org.testng.TestNG.runSuitesLocally(TestNG.java:1149)
	at org.testng.TestNG.run(TestNG.java:1057)
	at org.testng.remote.RemoteTestNG.run(RemoteTestNG.java:111)
	at org.testng.remote.RemoteTestNG.initAndRun(RemoteTestNG.java:204)
	at org.testng.remote.RemoteTestNG.main(RemoteTestNG.java:175)
]]>
            </full-stacktrace>
          </exception> <!-- java.lang.AssertionError -->
          <reporter-output>
          </reporter-output>
        </test-method> <!-- start126 -->
        <test-method status="PASS" signature="afterClass()[pri:0, instance:browser.BrowserTest@6baa9f99]" name="afterClass" is-config="true" duration-ms="1" started-at="2014-08-02T20:26:36Z" finished-at="2014-08-02T20:26:36Z">
          <reporter-output>
          </reporter-output>
        </test-method> <!-- afterClass -->
      </class> <!-- browser.BrowserTest -->
    </test> <!-- Default test -->
  </suite> <!-- Default suite -->
</testng-results>
